<?xml version="1.0" encoding="UTF-8"?>
<!-- Generated by org.testng.reporters.JUnitReportReporter -->
<testsuite skipped="0" hostname="PC-20180406OARG" name="tests.TestDBConnection" tests="2" failures="0" timestamp="01 四月 2019 04:02:07 GMT" time="0.010" errors="0">
  <testcase name="runOtherTest2" time="0.002" classname="tests.TestDBConnection"/>
  <testcase name="runOtherTest1" time="0.008" classname="tests.TestDBConnection"/>
</testsuite> <!-- tests.TestDBConnection -->
